# JRE version: OpenJDK Runtime Environment (17.0.3+7) (build 17.0.3+7)
# Java VM: OpenJDK 64-Bit Server VM (17.0.3+7, mixed mode, tiered, compressed oops, compressed class ptrs, g1 gc, linux-amd64)
Heap:
 garbage-first heap   total 116736K, used 34364K [0x000000070ec00000, 0x0000000800000000)
  region size 2048K, 1 young (2048K), 0 survivors (0K)
 Metaspace       used 32405K, committed 32704K, reserved 1081344K
  class space    used 3259K, committed 3392K, reserved 1048576K
GC Heap History (20 events):
Event: 149.356 GC heap before
{Heap before GC invocations=202 (full 154):
 garbage-first heap   total 116736K, used 32411K [0x000000070ec00000, 0x0000000800000000)
  region size 2048K, 1 young (2048K), 0 survivors (0K)
 Metaspace       used 32404K, committed 32704K, reserved 1081344K
  class space    used 3259K, committed 3392K, reserved 1048576K
}
Event: 149.372 GC heap after
{Heap after GC invocations=203 (full 155):
 garbage-first heap   total 116736K, used 32411K [0x000000070ec00000, 0x0000000800000000)
  region size 2048K, 0 young (0K), 0 survivors (0K)
 Metaspace       used 32404K, committed 32704K, reserved 1081344K
  class space    used 3259K, committed 3392K, reserved 1048576K
}
Event: 150.372 GC heap before
{Heap before GC invocations=203 (full 155):
 garbage-first heap   total 116736K, used 32411K [0x000000070ec00000, 0x0000000800000000)
  region size 2048K, 1 young (2048K), 0 survivors (0K)
 Metaspace       used 32404K, committed 32704K, reserved 1081344K
  class space    used 3259K, committed 3392K, reserved 1048576K
}
Event: 150.390 GC heap after
{Heap after GC invocations=204 (full 156):
 garbage-first heap   total 116736K, used 32411K [0x000000070ec00000, 0x0000000800000000)
  region size 2048K, 0 young (0K), 0 survivors (0K)
 Metaspace       used 32404K, committed 32704K, reserved 1081344K
  class space    used 3259K, committed 3392K, reserved 1048576K
}
Event: 151.391 GC heap before
{Heap before GC invocations=204 (full 156):
 garbage-first heap   total 116736K, used 32411K [0x000000070ec00000, 0x0000000800000000)
  region size 2048K, 1 young (2048K), 0 survivors (0K)
 Metaspace       used 32404K, committed 32704K, reserved 1081344K
  class space    used 3259K, committed 3392K, reserved 1048576K
}
Event: 151.408 GC heap after
{Heap after GC invocations=205 (full 157):
 garbage-first heap   total 116736K, used 32411K [0x000000070ec00000, 0x0000000800000000)
  region size 2048K, 0 young (0K), 0 survivors (0K)
 Metaspace       used 32404K, committed 32704K, reserved 1081344K
  class space    used 3259K, committed 3392K, reserved 1048576K
}
Event: 152.408 GC heap before
{Heap before GC invocations=205 (full 157):
 garbage-first heap   total 116736K, used 32411K [0x000000070ec00000, 0x0000000800000000)
  region size 2048K, 1 young (2048K), 0 survivors (0K)
 Metaspace       used 32404K, committed 32704K, reserved 1081344K
  class space    used 3259K, committed 3392K, reserved 1048576K
}
Event: 152.425 GC heap after
{Heap after GC invocations=206 (full 158):
 garbage-first heap   total 116736K, used 32411K [0x000000070ec00000, 0x0000000800000000)
  region size 2048K, 0 young (0K), 0 survivors (0K)
 Metaspace       used 32404K, committed 32704K, reserved 1081344K
  class space    used 3259K, committed 3392K, reserved 1048576K
}
Event: 153.426 GC heap before
{Heap before GC invocations=206 (full 158):
 garbage-first heap   total 116736K, used 32411K [0x000000070ec00000, 0x0000000800000000)
  region size 2048K, 1 young (2048K), 0 survivors (0K)
 Metaspace       used 32404K, committed 32704K, reserved 1081344K
  class space    used 3259K, committed 3392K, reserved 1048576K
}
Event: 153.442 GC heap after
{Heap after GC invocations=207 (full 159):
 garbage-first heap   total 116736K, used 32411K [0x000000070ec00000, 0x0000000800000000)
  region size 2048K, 0 young (0K), 0 survivors (0K)
 Metaspace       used 32404K, committed 32704K, reserved 1081344K
  class space    used 3259K, committed 3392K, reserved 1048576K
}
Event: 154.442 GC heap before
{Heap before GC invocations=207 (full 159):
 garbage-first heap   total 116736K, used 32411K [0x000000070ec00000, 0x0000000800000000)
  region size 2048K, 1 young (2048K), 0 survivors (0K)
 Metaspace       used 32404K, committed 32704K, reserved 1081344K
  class space    used 3259K, committed 3392K, reserved 1048576K
}
Event: 154.460 GC heap after
{Heap after GC invocations=208 (full 160):
 garbage-first heap   total 116736K, used 32411K [0x000000070ec00000, 0x0000000800000000)
  region size 2048K, 0 young (0K), 0 survivors (0K)
 Metaspace       used 32404K, committed 32704K, reserved 1081344K
  class space    used 3259K, committed 3392K, reserved 1048576K
}
Event: 155.460 GC heap before
{Heap before GC invocations=208 (full 160):
 garbage-first heap   total 116736K, used 32411K [0x000000070ec00000, 0x0000000800000000)
  region size 2048K, 1 young (2048K), 0 survivors (0K)
 Metaspace       used 32404K, committed 32704K, reserved 1081344K
  class space    used 3259K, committed 3392K, reserved 1048576K
}
Event: 155.478 GC heap after
{Heap after GC invocations=209 (full 161):
 garbage-first heap   total 116736K, used 32411K [0x000000070ec00000, 0x0000000800000000)
  region size 2048K, 0 young (0K), 0 survivors (0K)
 Metaspace       used 32404K, committed 32704K, reserved 1081344K
  class space    used 3259K, committed 3392K, reserved 1048576K
}
Event: 156.479 GC heap before
{Heap before GC invocations=209 (full 161):
 garbage-first heap   total 116736K, used 32411K [0x000000070ec00000, 0x0000000800000000)
  region size 2048K, 1 young (2048K), 0 survivors (0K)
 Metaspace       used 32404K, committed 32704K, reserved 1081344K
  class space    used 3259K, committed 3392K, reserved 1048576K
}
Event: 156.495 GC heap after
{Heap after GC invocations=210 (full 162):
 garbage-first heap   total 116736K, used 32411K [0x000000070ec00000, 0x0000000800000000)
  region size 2048K, 0 young (0K), 0 survivors (0K)
 Metaspace       used 32404K, committed 32704K, reserved 1081344K
  class space    used 3259K, committed 3392K, reserved 1048576K
}
Event: 157.495 GC heap before
{Heap before GC invocations=210 (full 162):
 garbage-first heap   total 116736K, used 34459K [0x000000070ec00000, 0x0000000800000000)
  region size 2048K, 2 young (4096K), 0 survivors (0K)
 Metaspace       used 32404K, committed 32704K, reserved 1081344K
  class space    used 3259K, committed 3392K, reserved 1048576K
}
Event: 157.514 GC heap after
{Heap after GC invocations=211 (full 163):
 garbage-first heap   total 116736K, used 32411K [0x000000070ec00000, 0x0000000800000000)
  region size 2048K, 0 young (0K), 0 survivors (0K)
 Metaspace       used 32404K, committed 32704K, reserved 1081344K
  class space    used 3259K, committed 3392K, reserved 1048576K
}
Event: 158.514 GC heap before
{Heap before GC invocations=211 (full 163):
 garbage-first heap   total 116736K, used 32411K [0x000000070ec00000, 0x0000000800000000)
  region size 2048K, 1 young (2048K), 0 survivors (0K)
 Metaspace       used 32405K, committed 32704K, reserved 1081344K
  class space    used 3259K, committed 3392K, reserved 1048576K
}
Event: 158.534 GC heap after
{Heap after GC invocations=212 (full 164):
 garbage-first heap   total 116736K, used 32411K [0x000000070ec00000, 0x0000000800000000)
  region size 2048K, 0 young (0K), 0 survivors (0K)
 Metaspace       used 32405K, committed 32704K, reserved 1081344K
  class space    used 3259K, committed 3392K, reserved 1048576K
}

