# JRE version: OpenJDK Runtime Environment (17.0.3+7) (build 17.0.3+7)
# Java VM: OpenJDK 64-Bit Server VM (17.0.3+7, mixed mode, tiered, compressed oops, compressed class ptrs, g1 gc, linux-amd64)
Heap:
 garbage-first heap   total 90112K, used 24715K [0x000000070ec00000, 0x0000000800000000)
  region size 2048K, 1 young (2048K), 0 survivors (0K)
 Metaspace       used 28541K, committed 28736K, reserved 1081344K
  class space    used 2972K, committed 3072K, reserved 1048576K
GC Heap History (20 events):
Event: 13.948 GC heap before
{Heap before GC invocations=23 (full 14):
 garbage-first heap   total 90112K, used 24595K [0x000000070ec00000, 0x0000000800000000)
  region size 2048K, 0 young (0K), 0 survivors (0K)
 Metaspace       used 28541K, committed 28736K, reserved 1081344K
  class space    used 2972K, committed 3072K, reserved 1048576K
}
Event: 13.960 GC heap after
{Heap after GC invocations=24 (full 15):
 garbage-first heap   total 90112K, used 24595K [0x000000070ec00000, 0x0000000800000000)
  region size 2048K, 0 young (0K), 0 survivors (0K)
 Metaspace       used 28541K, committed 28736K, reserved 1081344K
  class space    used 2972K, committed 3072K, reserved 1048576K
}
Event: 14.960 GC heap before
{Heap before GC invocations=24 (full 15):
 garbage-first heap   total 90112K, used 24595K [0x000000070ec00000, 0x0000000800000000)
  region size 2048K, 1 young (2048K), 0 survivors (0K)
 Metaspace       used 28541K, committed 28736K, reserved 1081344K
  class space    used 2972K, committed 3072K, reserved 1048576K
}
Event: 14.972 GC heap after
{Heap after GC invocations=25 (full 16):
 garbage-first heap   total 90112K, used 24595K [0x000000070ec00000, 0x0000000800000000)
  region size 2048K, 0 young (0K), 0 survivors (0K)
 Metaspace       used 28541K, committed 28736K, reserved 1081344K
  class space    used 2972K, committed 3072K, reserved 1048576K
}
Event: 15.973 GC heap before
{Heap before GC invocations=25 (full 16):
 garbage-first heap   total 90112K, used 24595K [0x000000070ec00000, 0x0000000800000000)
  region size 2048K, 1 young (2048K), 0 survivors (0K)
 Metaspace       used 28541K, committed 28736K, reserved 1081344K
  class space    used 2972K, committed 3072K, reserved 1048576K
}
Event: 15.985 GC heap after
{Heap after GC invocations=26 (full 17):
 garbage-first heap   total 90112K, used 24595K [0x000000070ec00000, 0x0000000800000000)
  region size 2048K, 0 young (0K), 0 survivors (0K)
 Metaspace       used 28541K, committed 28736K, reserved 1081344K
  class space    used 2972K, committed 3072K, reserved 1048576K
}
Event: 16.986 GC heap before
{Heap before GC invocations=26 (full 17):
 garbage-first heap   total 90112K, used 24595K [0x000000070ec00000, 0x0000000800000000)
  region size 2048K, 0 young (0K), 0 survivors (0K)
 Metaspace       used 28541K, committed 28736K, reserved 1081344K
  class space    used 2972K, committed 3072K, reserved 1048576K
}
Event: 16.998 GC heap after
{Heap after GC invocations=27 (full 18):
 garbage-first heap   total 90112K, used 24595K [0x000000070ec00000, 0x0000000800000000)
  region size 2048K, 0 young (0K), 0 survivors (0K)
 Metaspace       used 28541K, committed 28736K, reserved 1081344K
  class space    used 2972K, committed 3072K, reserved 1048576K
}
Event: 17.998 GC heap before
{Heap before GC invocations=27 (full 18):
 garbage-first heap   total 90112K, used 24595K [0x000000070ec00000, 0x0000000800000000)
  region size 2048K, 1 young (2048K), 0 survivors (0K)
 Metaspace       used 28541K, committed 28736K, reserved 1081344K
  class space    used 2972K, committed 3072K, reserved 1048576K
}
Event: 18.009 GC heap after
{Heap after GC invocations=28 (full 19):
 garbage-first heap   total 90112K, used 24595K [0x000000070ec00000, 0x0000000800000000)
  region size 2048K, 0 young (0K), 0 survivors (0K)
 Metaspace       used 28541K, committed 28736K, reserved 1081344K
  class space    used 2972K, committed 3072K, reserved 1048576K
}
Event: 19.010 GC heap before
{Heap before GC invocations=28 (full 19):
 garbage-first heap   total 90112K, used 24595K [0x000000070ec00000, 0x0000000800000000)
  region size 2048K, 1 young (2048K), 0 survivors (0K)
 Metaspace       used 28541K, committed 28736K, reserved 1081344K
  class space    used 2972K, committed 3072K, reserved 1048576K
}
Event: 19.021 GC heap after
{Heap after GC invocations=29 (full 20):
 garbage-first heap   total 90112K, used 24595K [0x000000070ec00000, 0x0000000800000000)
  region size 2048K, 0 young (0K), 0 survivors (0K)
 Metaspace       used 28541K, committed 28736K, reserved 1081344K
  class space    used 2972K, committed 3072K, reserved 1048576K
}
Event: 20.021 GC heap before
{Heap before GC invocations=29 (full 20):
 garbage-first heap   total 90112K, used 24595K [0x000000070ec00000, 0x0000000800000000)
  region size 2048K, 1 young (2048K), 0 survivors (0K)
 Metaspace       used 28541K, committed 28736K, reserved 1081344K
  class space    used 2972K, committed 3072K, reserved 1048576K
}
Event: 20.033 GC heap after
{Heap after GC invocations=30 (full 21):
 garbage-first heap   total 90112K, used 24595K [0x000000070ec00000, 0x0000000800000000)
  region size 2048K, 0 young (0K), 0 survivors (0K)
 Metaspace       used 28541K, committed 28736K, reserved 1081344K
  class space    used 2972K, committed 3072K, reserved 1048576K
}
Event: 21.033 GC heap before
{Heap before GC invocations=30 (full 21):
 garbage-first heap   total 90112K, used 24595K [0x000000070ec00000, 0x0000000800000000)
  region size 2048K, 1 young (2048K), 0 survivors (0K)
 Metaspace       used 28541K, committed 28736K, reserved 1081344K
  class space    used 2972K, committed 3072K, reserved 1048576K
}
Event: 21.045 GC heap after
{Heap after GC invocations=31 (full 22):
 garbage-first heap   total 90112K, used 24595K [0x000000070ec00000, 0x0000000800000000)
  region size 2048K, 0 young (0K), 0 survivors (0K)
 Metaspace       used 28541K, committed 28736K, reserved 1081344K
  class space    used 2972K, committed 3072K, reserved 1048576K
}
Event: 22.045 GC heap before
{Heap before GC invocations=31 (full 22):
 garbage-first heap   total 90112K, used 24595K [0x000000070ec00000, 0x0000000800000000)
  region size 2048K, 1 young (2048K), 0 survivors (0K)
 Metaspace       used 28541K, committed 28736K, reserved 1081344K
  class space    used 2972K, committed 3072K, reserved 1048576K
}
Event: 22.058 GC heap after
{Heap after GC invocations=32 (full 23):
 garbage-first heap   total 90112K, used 24595K [0x000000070ec00000, 0x0000000800000000)
  region size 2048K, 0 young (0K), 0 survivors (0K)
 Metaspace       used 28541K, committed 28736K, reserved 1081344K
  class space    used 2972K, committed 3072K, reserved 1048576K
}
Event: 23.058 GC heap before
{Heap before GC invocations=32 (full 23):
 garbage-first heap   total 90112K, used 24595K [0x000000070ec00000, 0x0000000800000000)
  region size 2048K, 1 young (2048K), 0 survivors (0K)
 Metaspace       used 28541K, committed 28736K, reserved 1081344K
  class space    used 2972K, committed 3072K, reserved 1048576K
}
Event: 23.075 GC heap after
{Heap after GC invocations=33 (full 24):
 garbage-first heap   total 90112K, used 24595K [0x000000070ec00000, 0x0000000800000000)
  region size 2048K, 0 young (0K), 0 survivors (0K)
 Metaspace       used 28541K, committed 28736K, reserved 1081344K
  class space    used 2972K, committed 3072K, reserved 1048576K
}

